<?xml version="1.0" encoding="UTF-8"?>
<testsuite xmlns:xsi="http://www.w3.org/2001/XMLSchema-instance" xsi:noNamespaceSchemaLocation="https://maven.apache.org/surefire/maven-surefire-plugin/xsd/surefire-test-report-3.0.xsd" version="3.0" name="edu.coursera.distributed.FileServerTest" time="0.11" tests="8" errors="0" skipped="0" failures="0">
  <properties>
[...]
</properties>
  <testcase name="testLargeFileGet" classname="edu.coursera.distributed.FileServerTest" time="0.042">
    <system-out><![CDATA[Received request for: /static/ABC.txt
Parsed PCDPPath: /static/ABC.txt
File found: /static/ABC.txt
]]></system-out>
    <system-err><![CDATA[
Launching server for testLargeFileGet
Requesting static/ABC.txt... reponse code is 200, with content length 2048
]]></system-err>
  </testcase>
  <testcase name="testDoublyNestedFileGet" classname="edu.coursera.distributed.FileServerTest" time="0.004">
    <system-out><![CDATA[Received request for: /static/dir3/dir4/E.txt
Parsed PCDPPath: /static/dir3/dir4/E.txt
File found: /static/dir3/dir4/E.txt
]]></system-out>
    <system-err><![CDATA[
Launching server for testDoublyNestedFileGet
Requesting static/dir3/dir4/E.txt... reponse code is 200, with content length 10
]]></system-err>
  </testcase>
  <testcase name="testFileGet" classname="edu.coursera.distributed.FileServerTest" time="0.006">
    <system-out><![CDATA[Received request for: /static/A.txt
Parsed PCDPPath: /static/A.txt
File found: /static/A.txt
]]></system-out>
    <system-err><![CDATA[
Launching server for testFileGet
Requesting static/A.txt... reponse code is 200, with content length 5
]]></system-err>
  </testcase>
  <testcase name="testMissingNestedFileGet" classname="edu.coursera.distributed.FileServerTest" time="0.004">
    <system-out><![CDATA[Received request for: /static/missingdir/missing.txt
Parsed PCDPPath: /static/missingdir/missing.txt
File not found: /static/missingdir/missing.txt
]]></system-out>
    <system-err><![CDATA[
Launching server for testMissingNestedFileGet
Requesting static/missingdir/missing.txt... reponse code is 404, with content length 0
]]></system-err>
  </testcase>
  <testcase name="testNestedFileGet" classname="edu.coursera.distributed.FileServerTest" time="0.006">
    <system-out><![CDATA[Received request for: /static/dir1/C.txt
Parsed PCDPPath: /static/dir1/C.txt
File found: /static/dir1/C.txt
]]></system-out>
    <system-err><![CDATA[
Launching server for testNestedFileGet
Requesting static/dir1/C.txt... reponse code is 200, with content length 10
]]></system-err>
  </testcase>
  <testcase name="testMissingFileGet" classname="edu.coursera.distributed.FileServerTest" time="0.003">
    <system-out><![CDATA[Received request for: /static/missing.txt
Parsed PCDPPath: /static/missing.txt
File not found: /static/missing.txt
]]></system-out>
    <system-err><![CDATA[
Launching server for testMissingFileGet
Requesting static/missing.txt... reponse code is 404, with content length 0
]]></system-err>
  </testcase>
  <testcase name="testFileGets" classname="edu.coursera.distributed.FileServerTest" time="0.005">
    <system-out><![CDATA[Received request for: /static/A.txt
Parsed PCDPPath: /static/A.txt
File found: /static/A.txt
Received request for: /static/B.txt
Parsed PCDPPath: /static/B.txt
File found: /static/B.txt
]]></system-out>
    <system-err><![CDATA[
Launching server for testFileGets
Requesting static/A.txt... reponse code is 200, with content length 5
Requesting static/B.txt... reponse code is 200, with content length 10
]]></system-err>
  </testcase>
  <testcase name="testTermination" classname="edu.coursera.distributed.FileServerTest" time="0.001">
    <system-err><![CDATA[
Launching server for testTermination
]]></system-err>
  </testcase>
</testsuite>